<?xml version="1.0" encoding="UTF-8"?>
<robot generator="Robot 2.9 (Python 3.5.2 on win32)" generated="20170122 17:52:07.590">
<suite source="c:\Devel\homework3\rf\group_scenarios.robot" name="Group Scenarios" id="s1">
<kw name="Init Fixtures" type="setup" library="rf.AddressBook">
<status status="PASS" endtime="20170122 17:52:12.190" starttime="20170122 17:52:07.720"></status>
</kw>
<test name="Add New group" id="s1-t1">
<kw name="$(old_list)=">
<arguments>
<arg>Get Group List</arg>
</arguments>
<msg timestamp="20170122 17:52:12.194" level="FAIL">No keyword with name '$(old_list)=' found.</msg>
<status status="FAIL" endtime="20170122 17:52:12.194" starttime="20170122 17:52:12.194"></status>
</kw>
<status status="FAIL" starttime="20170122 17:52:12.190" endtime="20170122 17:52:12.195" critical="yes">No keyword with name '$(old_list)=' found.</status>
</test>
<kw name="Destroy Fixtures" type="teardown" library="rf.AddressBook">
<status status="PASS" endtime="20170122 17:52:15.215" starttime="20170122 17:52:12.196"></status>
</kw>
<status status="FAIL" endtime="20170122 17:52:15.216" starttime="20170122 17:52:07.591"></status>
</suite>
<statistics>
<total>
<stat pass="0" fail="1">Critical Tests</stat>
<stat pass="0" fail="1">All Tests</stat>
</total>
<tag>
</tag>
<suite>
<stat pass="0" fail="1" name="Group Scenarios" id="s1">Group Scenarios</stat>
</suite>
</statistics>
<errors>
</errors>
</robot>
